# JRE version: OpenJDK Runtime Environment (8.0_152) (build 1.8.0_152-release-1343-b16-5323222)
# Java VM: OpenJDK 64-Bit Server VM (25.152-b16-5323222 mixed mode linux-amd64 compressed oops)
Heap:
 PSYoungGen      total 376832K, used 0K [0x00000000e0000000, 0x0000000100000000, 0x0000000100000000)
  eden space 311808K, 0% used [0x00000000e0000000,0x00000000e0000000,0x00000000f3080000)
  from space 65024K, 0% used [0x00000000f3080000,0x00000000f3080000,0x00000000f7000000)
  to   space 110592K, 0% used [0x00000000f9400000,0x00000000f9400000,0x0000000100000000)
 ParOldGen       total 287744K, used 282631K [0x00000000a0000000, 0x00000000b1900000, 0x00000000e0000000)
  object space 287744K, 98% used [0x00000000a0000000,0x00000000b1401e90,0x00000000b1900000)
 Metaspace       used 73299K, capacity 75646K, committed 75952K, reserved 1114112K
  class space    used 9649K, capacity 10337K, committed 10416K, reserved 1048576K
GC Heap History (10 events):
Event: 22.983 GC heap after
Heap after GC invocations=17 (full 3):
 PSYoungGen      total 284672K, used 31712K [0x00000000e0000000, 0x00000000f8b00000, 0x0000000100000000)
  eden space 252928K, 0% used [0x00000000e0000000,0x00000000e0000000,0x00000000ef700000)
  from space 31744K, 99% used [0x00000000f2f00000,0x00000000f4df8298,0x00000000f4e00000)
  to   space 57344K, 0% used [0x00000000ef700000,0x00000000ef700000,0x00000000f2f00000)
 ParOldGen       total 137216K, used 111432K [0x00000000a0000000, 0x00000000a8600000, 0x00000000e0000000)
  object space 137216K, 81% used [0x00000000a0000000,0x00000000a6cd2358,0x00000000a8600000)
 Metaspace       used 71547K, capacity 73836K, committed 74032K, reserved 1114112K
  class space    used 9518K, capacity 10206K, committed 10288K, reserved 1048576K
}
Event: 22.984 GC heap before
{Heap before GC invocations=18 (full 4):
 PSYoungGen      total 284672K, used 31712K [0x00000000e0000000, 0x00000000f8b00000, 0x0000000100000000)
  eden space 252928K, 0% used [0x00000000e0000000,0x00000000e0000000,0x00000000ef700000)
  from space 31744K, 99% used [0x00000000f2f00000,0x00000000f4df8298,0x00000000f4e00000)
  to   space 57344K, 0% used [0x00000000ef700000,0x00000000ef700000,0x00000000f2f00000)
 ParOldGen       total 137216K, used 111432K [0x00000000a0000000, 0x00000000a8600000, 0x00000000e0000000)
  object space 137216K, 81% used [0x00000000a0000000,0x00000000a6cd2358,0x00000000a8600000)
 Metaspace       used 71547K, capacity 73836K, committed 74032K, reserved 1114112K
  class space    used 9518K, capacity 10206K, committed 10288K, reserved 1048576K
Event: 23.586 GC heap after
Heap after GC invocations=18 (full 4):
 PSYoungGen      total 284672K, used 0K [0x00000000e0000000, 0x00000000f8b00000, 0x0000000100000000)
  eden space 252928K, 0% used [0x00000000e0000000,0x00000000e0000000,0x00000000ef700000)
  from space 31744K, 0% used [0x00000000f2f00000,0x00000000f2f00000,0x00000000f4e00000)
  to   space 57344K, 0% used [0x00000000ef700000,0x00000000ef700000,0x00000000f2f00000)
 ParOldGen       total 287744K, used 135244K [0x00000000a0000000, 0x00000000b1900000, 0x00000000e0000000)
  object space 287744K, 47% used [0x00000000a0000000,0x00000000a84131c0,0x00000000b1900000)
 Metaspace       used 71547K, capacity 73836K, committed 74032K, reserved 1114112K
  class space    used 9518K, capacity 10206K, committed 10288K, reserved 1048576K
}
Event: 24.005 GC heap before
{Heap before GC invocations=19 (full 4):
 PSYoungGen      total 284672K, used 252928K [0x00000000e0000000, 0x00000000f8b00000, 0x0000000100000000)
  eden space 252928K, 100% used [0x00000000e0000000,0x00000000ef700000,0x00000000ef700000)
  from space 31744K, 0% used [0x00000000f2f00000,0x00000000f2f00000,0x00000000f4e00000)
  to   space 57344K, 0% used [0x00000000ef700000,0x00000000ef700000,0x00000000f2f00000)
 ParOldGen       total 287744K, used 135244K [0x00000000a0000000, 0x00000000b1900000, 0x00000000e0000000)
  object space 287744K, 47% used [0x00000000a0000000,0x00000000a84131c0,0x00000000b1900000)
 Metaspace       used 71552K, capacity 73836K, committed 74032K, reserved 1114112K
  class space    used 9518K, capacity 10206K, committed 10288K, reserved 1048576K
Event: 24.054 GC heap after
Heap after GC invocations=19 (full 4):
 PSYoungGen      total 310272K, used 27616K [0x00000000e0000000, 0x00000000fa700000, 0x0000000100000000)
  eden space 252928K, 0% used [0x00000000e0000000,0x00000000e0000000,0x00000000ef700000)
  from space 57344K, 48% used [0x00000000ef700000,0x00000000f11f8010,0x00000000f2f00000)
  to   space 56320K, 0% used [0x00000000f7000000,0x00000000f7000000,0x00000000fa700000)
 ParOldGen       total 287744K, used 135244K [0x00000000a0000000, 0x00000000b1900000, 0x00000000e0000000)
  object space 287744K, 47% used [0x00000000a0000000,0x00000000a84131c0,0x00000000b1900000)
 Metaspace       used 71552K, capacity 73836K, committed 74032K, reserved 1114112K
  class space    used 9518K, capacity 10206K, committed 10288K, reserved 1048576K
}
Event: 24.391 GC heap before
{Heap before GC invocations=20 (full 4):
 PSYoungGen      total 310272K, used 280544K [0x00000000e0000000, 0x00000000fa700000, 0x0000000100000000)
  eden space 252928K, 100% used [0x00000000e0000000,0x00000000ef700000,0x00000000ef700000)
  from space 57344K, 48% used [0x00000000ef700000,0x00000000f11f8010,0x00000000f2f00000)
  to   space 56320K, 0% used [0x00000000f7000000,0x00000000f7000000,0x00000000fa700000)
 ParOldGen       total 287744K, used 135244K [0x00000000a0000000, 0x00000000b1900000, 0x00000000e0000000)
  object space 287744K, 47% used [0x00000000a0000000,0x00000000a84131c0,0x00000000b1900000)
 Metaspace       used 71554K, capacity 73836K, committed 74032K, reserved 1114112K
  class space    used 9518K, capacity 10206K, committed 10288K, reserved 1048576K
Event: 24.462 GC heap after
Heap after GC invocations=20 (full 4):
 PSYoungGen      total 368128K, used 55392K [0x00000000e0000000, 0x00000000fcf00000, 0x0000000100000000)
  eden space 311808K, 0% used [0x00000000e0000000,0x00000000e0000000,0x00000000f3080000)
  from space 56320K, 98% used [0x00000000f7000000,0x00000000fa618010,0x00000000fa700000)
  to   space 65024K, 0% used [0x00000000f3080000,0x00000000f3080000,0x00000000f7000000)
 ParOldGen       total 287744K, used 135244K [0x00000000a0000000, 0x00000000b1900000, 0x00000000e0000000)
  object space 287744K, 47% used [0x00000000a0000000,0x00000000a84131c0,0x00000000b1900000)
 Metaspace       used 71554K, capacity 73836K, committed 74032K, reserved 1114112K
  class space    used 9518K, capacity 10206K, committed 10288K, reserved 1048576K
}
Event: 27.538 GC heap before
{Heap before GC invocations=21 (full 4):
 PSYoungGen      total 368128K, used 367200K [0x00000000e0000000, 0x00000000fcf00000, 0x0000000100000000)
  eden space 311808K, 100% used [0x00000000e0000000,0x00000000f3080000,0x00000000f3080000)
  from space 56320K, 98% used [0x00000000f7000000,0x00000000fa618010,0x00000000fa700000)
  to   space 65024K, 0% used [0x00000000f3080000,0x00000000f3080000,0x00000000f7000000)
 ParOldGen       total 287744K, used 135244K [0x00000000a0000000, 0x00000000b1900000, 0x00000000e0000000)
  object space 287744K, 47% used [0x00000000a0000000,0x00000000a84131c0,0x00000000b1900000)
 Metaspace       used 73299K, capacity 75646K, committed 75952K, reserved 1114112K
  class space    used 9649K, capacity 10337K, committed 10416K, reserved 1048576K
Event: 27.798 GC heap after
Heap after GC invocations=21 (full 4):
 PSYoungGen      total 376832K, used 65012K [0x00000000e0000000, 0x0000000100000000, 0x0000000100000000)
  eden space 311808K, 0% used [0x00000000e0000000,0x00000000e0000000,0x00000000f3080000)
  from space 65024K, 99% used [0x00000000f3080000,0x00000000f6ffd3a0,0x00000000f7000000)
  to   space 110592K, 0% used [0x00000000f9400000,0x00000000f9400000,0x0000000100000000)
 ParOldGen       total 287744K, used 229199K [0x00000000a0000000, 0x00000000b1900000, 0x00000000e0000000)
  object space 287744K, 79% used [0x00000000a0000000,0x00000000adfd3e50,0x00000000b1900000)
 Metaspace       used 73299K, capacity 75646K, committed 75952K, reserved 1114112K
  class space    used 9649K, capacity 10337K, committed 10416K, reserved 1048576K
}
Event: 27.798 GC heap before
{Heap before GC invocations=22 (full 5):
 PSYoungGen      total 376832K, used 65012K [0x00000000e0000000, 0x0000000100000000, 0x0000000100000000)
  eden space 311808K, 0% used [0x00000000e0000000,0x00000000e0000000,0x00000000f3080000)
  from space 65024K, 99% used [0x00000000f3080000,0x00000000f6ffd3a0,0x00000000f7000000)
  to   space 110592K, 0% used [0x00000000f9400000,0x00000000f9400000,0x0000000100000000)
 ParOldGen       total 287744K, used 229199K [0x00000000a0000000, 0x00000000b1900000, 0x00000000e0000000)
  object space 287744K, 79% used [0x00000000a0000000,0x00000000adfd3e50,0x00000000b1900000)
 Metaspace       used 73299K, capacity 75646K, committed 75952K, reserved 1114112K
  class space    used 9649K, capacity 10337K, committed 10416K, reserved 1048576K

