# JRE version: OpenJDK Runtime Environment (8.0_152) (build 1.8.0_152-release-1343-b16-5323222)
# Java VM: OpenJDK 64-Bit Server VM (25.152-b16-5323222 mixed mode linux-amd64 compressed oops)
Heap:
 PSYoungGen      total 430080K, used 0K [0x00000000e0000000, 0x0000000100000000, 0x0000000100000000)
  eden space 342016K, 0% used [0x00000000e0000000,0x00000000e0000000,0x00000000f4e00000)
  from space 88064K, 0% used [0x00000000f4e00000,0x00000000f4e00000,0x00000000fa400000)
  to   space 94208K, 0% used [0x00000000fa400000,0x00000000fa400000,0x0000000100000000)
 ParOldGen       total 312320K, used 293213K [0x00000000a0000000, 0x00000000b3100000, 0x00000000e0000000)
  object space 312320K, 93% used [0x00000000a0000000,0x00000000b1e57650,0x00000000b3100000)
 Metaspace       used 90394K, capacity 94068K, committed 94256K, reserved 1130496K
  class space    used 11704K, capacity 12537K, committed 12592K, reserved 1048576K
GC Heap History (10 events):
Event: 48.577 GC heap after
Heap after GC invocations=26 (full 5):
 PSYoungGen      total 352256K, used 15888K [0x00000000e0000000, 0x00000000ff800000, 0x0000000100000000)
  eden space 335872K, 0% used [0x00000000e0000000,0x00000000e0000000,0x00000000f4800000)
  from space 16384K, 96% used [0x00000000f4800000,0x00000000f57840b0,0x00000000f5800000)
  to   space 90112K, 0% used [0x00000000fa000000,0x00000000fa000000,0x00000000ff800000)
 ParOldGen       total 312320K, used 101416K [0x00000000a0000000, 0x00000000b3100000, 0x00000000e0000000)
  object space 312320K, 32% used [0x00000000a0000000,0x00000000a630a1c8,0x00000000b3100000)
 Metaspace       used 88678K, capacity 91940K, committed 92208K, reserved 1128448K
  class space    used 11565K, capacity 12323K, committed 12336K, reserved 1048576K
}
Event: 54.868 GC heap before
{Heap before GC invocations=27 (full 5):
 PSYoungGen      total 352256K, used 351760K [0x00000000e0000000, 0x00000000ff800000, 0x0000000100000000)
  eden space 335872K, 100% used [0x00000000e0000000,0x00000000f4800000,0x00000000f4800000)
  from space 16384K, 96% used [0x00000000f4800000,0x00000000f57840b0,0x00000000f5800000)
  to   space 90112K, 0% used [0x00000000fa000000,0x00000000fa000000,0x00000000ff800000)
 ParOldGen       total 312320K, used 101416K [0x00000000a0000000, 0x00000000b3100000, 0x00000000e0000000)
  object space 312320K, 32% used [0x00000000a0000000,0x00000000a630a1c8,0x00000000b3100000)
 Metaspace       used 89689K, capacity 93404K, committed 93744K, reserved 1130496K
  class space    used 11639K, capacity 12469K, committed 12592K, reserved 1048576K
Event: 54.948 GC heap after
Heap after GC invocations=27 (full 5):
 PSYoungGen      total 426496K, used 48855K [0x00000000e0000000, 0x0000000100000000, 0x0000000100000000)
  eden space 336384K, 0% used [0x00000000e0000000,0x00000000e0000000,0x00000000f4880000)
  from space 90112K, 54% used [0x00000000fa000000,0x00000000fcfb5e70,0x00000000ff800000)
  to   space 89600K, 0% used [0x00000000f4880000,0x00000000f4880000,0x00000000fa000000)
 ParOldGen       total 312320K, used 110045K [0x00000000a0000000, 0x00000000b3100000, 0x00000000e0000000)
  object space 312320K, 35% used [0x00000000a0000000,0x00000000a6b77438,0x00000000b3100000)
 Metaspace       used 89689K, capacity 93404K, committed 93744K, reserved 1130496K
  class space    used 11639K, capacity 12469K, committed 12592K, reserved 1048576K
}
Event: 56.000 GC heap before
{Heap before GC invocations=28 (full 5):
 PSYoungGen      total 426496K, used 385239K [0x00000000e0000000, 0x0000000100000000, 0x0000000100000000)
  eden space 336384K, 100% used [0x00000000e0000000,0x00000000f4880000,0x00000000f4880000)
  from space 90112K, 54% used [0x00000000fa000000,0x00000000fcfb5e70,0x00000000ff800000)
  to   space 89600K, 0% used [0x00000000f4880000,0x00000000f4880000,0x00000000fa000000)
 ParOldGen       total 312320K, used 110045K [0x00000000a0000000, 0x00000000b3100000, 0x00000000e0000000)
  object space 312320K, 35% used [0x00000000a0000000,0x00000000a6b77438,0x00000000b3100000)
 Metaspace       used 89900K, capacity 93628K, committed 93744K, reserved 1130496K
  class space    used 11666K, capacity 12501K, committed 12592K, reserved 1048576K
Event: 56.142 GC heap after
Heap after GC invocations=28 (full 5):
 PSYoungGen      total 425984K, used 59624K [0x00000000e0000000, 0x0000000100000000, 0x0000000100000000)
  eden space 336384K, 0% used [0x00000000e0000000,0x00000000e0000000,0x00000000f4880000)
  from space 89600K, 66% used [0x00000000f4880000,0x00000000f82ba2b8,0x00000000fa000000)
  to   space 92672K, 0% used [0x00000000fa580000,0x00000000fa580000,0x0000000100000000)
 ParOldGen       total 312320K, used 156319K [0x00000000a0000000, 0x00000000b3100000, 0x00000000e0000000)
  object space 312320K, 50% used [0x00000000a0000000,0x00000000a98a7e50,0x00000000b3100000)
 Metaspace       used 89900K, capacity 93628K, committed 93744K, reserved 1130496K
  class space    used 11666K, capacity 12501K, committed 12592K, reserved 1048576K
}
Event: 56.801 GC heap before
{Heap before GC invocations=29 (full 5):
 PSYoungGen      total 425984K, used 396008K [0x00000000e0000000, 0x0000000100000000, 0x0000000100000000)
  eden space 336384K, 100% used [0x00000000e0000000,0x00000000f4880000,0x00000000f4880000)
  from space 89600K, 66% used [0x00000000f4880000,0x00000000f82ba2b8,0x00000000fa000000)
  to   space 92672K, 0% used [0x00000000fa580000,0x00000000fa580000,0x0000000100000000)
 ParOldGen       total 312320K, used 156319K [0x00000000a0000000, 0x00000000b3100000, 0x00000000e0000000)
  object space 312320K, 50% used [0x00000000a0000000,0x00000000a98a7e50,0x00000000b3100000)
 Metaspace       used 90325K, capacity 94068K, committed 94256K, reserved 1130496K
  class space    used 11704K, capacity 12537K, committed 12592K, reserved 1048576K
Event: 56.974 GC heap after
Heap after GC invocations=29 (full 5):
 PSYoungGen      total 428544K, used 34428K [0x00000000e0000000, 0x00000000ffa00000, 0x0000000100000000)
  eden space 342016K, 0% used [0x00000000e0000000,0x00000000e0000000,0x00000000f4e00000)
  from space 86528K, 39% used [0x00000000fa580000,0x00000000fc71f060,0x00000000ffa00000)
  to   space 88064K, 0% used [0x00000000f4e00000,0x00000000f4e00000,0x00000000fa400000)
 ParOldGen       total 312320K, used 215212K [0x00000000a0000000, 0x00000000b3100000, 0x00000000e0000000)
  object space 312320K, 68% used [0x00000000a0000000,0x00000000ad22b228,0x00000000b3100000)
 Metaspace       used 90325K, capacity 94068K, committed 94256K, reserved 1130496K
  class space    used 11704K, capacity 12537K, committed 12592K, reserved 1048576K
}
Event: 59.274 GC heap before
{Heap before GC invocations=30 (full 5):
 PSYoungGen      total 428544K, used 376444K [0x00000000e0000000, 0x00000000ffa00000, 0x0000000100000000)
  eden space 342016K, 100% used [0x00000000e0000000,0x00000000f4e00000,0x00000000f4e00000)
  from space 86528K, 39% used [0x00000000fa580000,0x00000000fc71f060,0x00000000ffa00000)
  to   space 88064K, 0% used [0x00000000f4e00000,0x00000000f4e00000,0x00000000fa400000)
 ParOldGen       total 312320K, used 215212K [0x00000000a0000000, 0x00000000b3100000, 0x00000000e0000000)
  object space 312320K, 68% used [0x00000000a0000000,0x00000000ad22b228,0x00000000b3100000)
 Metaspace       used 90394K, capacity 94068K, committed 94256K, reserved 1130496K
  class space    used 11704K, capacity 12537K, committed 12592K, reserved 1048576K
Event: 59.417 GC heap after
Heap after GC invocations=30 (full 5):
 PSYoungGen      total 430080K, used 88038K [0x00000000e0000000, 0x0000000100000000, 0x0000000100000000)
  eden space 342016K, 0% used [0x00000000e0000000,0x00000000e0000000,0x00000000f4e00000)
  from space 88064K, 99% used [0x00000000f4e00000,0x00000000fa3f9b58,0x00000000fa400000)
  to   space 94208K, 0% used [0x00000000fa400000,0x00000000fa400000,0x0000000100000000)
 ParOldGen       total 312320K, used 266722K [0x00000000a0000000, 0x00000000b3100000, 0x00000000e0000000)
  object space 312320K, 85% used [0x00000000a0000000,0x00000000b04789d8,0x00000000b3100000)
 Metaspace       used 90394K, capacity 94068K, committed 94256K, reserved 1130496K
  class space    used 11704K, capacity 12537K, committed 12592K, reserved 1048576K
}
Event: 59.417 GC heap before
{Heap before GC invocations=31 (full 6):
 PSYoungGen      total 430080K, used 88038K [0x00000000e0000000, 0x0000000100000000, 0x0000000100000000)
  eden space 342016K, 0% used [0x00000000e0000000,0x00000000e0000000,0x00000000f4e00000)
  from space 88064K, 99% used [0x00000000f4e00000,0x00000000fa3f9b58,0x00000000fa400000)
  to   space 94208K, 0% used [0x00000000fa400000,0x00000000fa400000,0x0000000100000000)
 ParOldGen       total 312320K, used 266722K [0x00000000a0000000, 0x00000000b3100000, 0x00000000e0000000)
  object space 312320K, 85% used [0x00000000a0000000,0x00000000b04789d8,0x00000000b3100000)
 Metaspace       used 90394K, capacity 94068K, committed 94256K, reserved 1130496K
  class space    used 11704K, capacity 12537K, committed 12592K, reserved 1048576K

