# JRE version: OpenJDK Runtime Environment (8.0_152) (build 1.8.0_152-release-1343-b16-5323222)
# Java VM: OpenJDK 64-Bit Server VM (25.152-b16-5323222 mixed mode linux-amd64 compressed oops)
Heap:
 PSYoungGen      total 363008K, used 0K [0x00000000e0000000, 0x0000000100000000, 0x0000000100000000)
  eden space 264192K, 0% used [0x00000000e0000000,0x00000000e0000000,0x00000000f0200000)
  from space 98816K, 0% used [0x00000000f9980000,0x00000000f9980000,0x00000000ffa00000)
  to   space 130048K, 0% used [0x00000000f0200000,0x00000000f0200000,0x00000000f8100000)
 ParOldGen       total 301056K, used 282191K [0x00000000a0000000, 0x00000000b2600000, 0x00000000e0000000)
  object space 301056K, 93% used [0x00000000a0000000,0x00000000b1393d38,0x00000000b2600000)
 Metaspace       used 99461K, capacity 103722K, committed 104320K, reserved 1140736K
  class space    used 12608K, capacity 13546K, committed 13696K, reserved 1048576K
GC Heap History (10 events):
Event: 6777.494 GC heap after
Heap after GC invocations=29 (full 5):
 PSYoungGen      total 396288K, used 20380K [0x00000000e0000000, 0x00000000ff400000, 0x0000000100000000)
  eden space 299008K, 0% used [0x00000000e0000000,0x00000000e0000000,0x00000000f2400000)
  from space 97280K, 20% used [0x00000000f9500000,0x00000000fa8e7380,0x00000000ff400000)
  to   space 106496K, 0% used [0x00000000f2400000,0x00000000f2400000,0x00000000f8c00000)
 ParOldGen       total 301056K, used 89298K [0x00000000a0000000, 0x00000000b2600000, 0x00000000e0000000)
  object space 301056K, 29% used [0x00000000a0000000,0x00000000a57349c0,0x00000000b2600000)
 Metaspace       used 98244K, capacity 102492K, committed 102912K, reserved 1138688K
  class space    used 12500K, capacity 13403K, committed 13568K, reserved 1048576K
}
Event: 6784.791 GC heap before
{Heap before GC invocations=30 (full 5):
 PSYoungGen      total 396288K, used 319301K [0x00000000e0000000, 0x00000000ff400000, 0x0000000100000000)
  eden space 299008K, 99% used [0x00000000e0000000,0x00000000f23ea288,0x00000000f2400000)
  from space 97280K, 20% used [0x00000000f9500000,0x00000000fa8e7380,0x00000000ff400000)
  to   space 106496K, 0% used [0x00000000f2400000,0x00000000f2400000,0x00000000f8c00000)
 ParOldGen       total 301056K, used 89298K [0x00000000a0000000, 0x00000000b2600000, 0x00000000e0000000)
  object space 301056K, 29% used [0x00000000a0000000,0x00000000a57349c0,0x00000000b2600000)
 Metaspace       used 98870K, capacity 103270K, committed 103424K, reserved 1138688K
  class space    used 12575K, capacity 13536K, committed 13568K, reserved 1048576K
Event: 6784.904 GC heap after
Heap after GC invocations=30 (full 5):
 PSYoungGen      total 405504K, used 37189K [0x00000000e0000000, 0x00000000ffc00000, 0x0000000100000000)
  eden space 299008K, 0% used [0x00000000e0000000,0x00000000e0000000,0x00000000f2400000)
  from space 106496K, 34% used [0x00000000f2400000,0x00000000f4851738,0x00000000f8c00000)
  to   space 99840K, 0% used [0x00000000f9a80000,0x00000000f9a80000,0x00000000ffc00000)
 ParOldGen       total 301056K, used 104310K [0x00000000a0000000, 0x00000000b2600000, 0x00000000e0000000)
  object space 301056K, 34% used [0x00000000a0000000,0x00000000a65dd968,0x00000000b2600000)
 Metaspace       used 98870K, capacity 103270K, committed 103424K, reserved 1138688K
  class space    used 12575K, capacity 13536K, committed 13568K, reserved 1048576K
}
Event: 6786.564 GC heap before
{Heap before GC invocations=31 (full 5):
 PSYoungGen      total 405504K, used 336197K [0x00000000e0000000, 0x00000000ffc00000, 0x0000000100000000)
  eden space 299008K, 100% used [0x00000000e0000000,0x00000000f2400000,0x00000000f2400000)
  from space 106496K, 34% used [0x00000000f2400000,0x00000000f4851738,0x00000000f8c00000)
  to   space 99840K, 0% used [0x00000000f9a80000,0x00000000f9a80000,0x00000000ffc00000)
 ParOldGen       total 301056K, used 104310K [0x00000000a0000000, 0x00000000b2600000, 0x00000000e0000000)
  object space 301056K, 34% used [0x00000000a0000000,0x00000000a65dd968,0x00000000b2600000)
 Metaspace       used 99079K, capacity 103494K, committed 103808K, reserved 1138688K
  class space    used 12601K, capacity 13568K, committed 13696K, reserved 1048576K
Event: 6786.746 GC heap after
Heap after GC invocations=31 (full 5):
 PSYoungGen      total 416256K, used 65913K [0x00000000e0000000, 0x0000000100000000, 0x0000000100000000)
  eden space 316416K, 0% used [0x00000000e0000000,0x00000000e0000000,0x00000000f3500000)
  from space 99840K, 66% used [0x00000000f9a80000,0x00000000fdade4c8,0x00000000ffc00000)
  to   space 103936K, 0% used [0x00000000f3500000,0x00000000f3500000,0x00000000f9a80000)
 ParOldGen       total 301056K, used 138588K [0x00000000a0000000, 0x00000000b2600000, 0x00000000e0000000)
  object space 301056K, 46% used [0x00000000a0000000,0x00000000a87573f0,0x00000000b2600000)
 Metaspace       used 99079K, capacity 103494K, committed 103808K, reserved 1138688K
  class space    used 12601K, capacity 13568K, committed 13696K, reserved 1048576K
}
Event: 6787.247 GC heap before
{Heap before GC invocations=32 (full 5):
 PSYoungGen      total 416256K, used 382329K [0x00000000e0000000, 0x0000000100000000, 0x0000000100000000)
  eden space 316416K, 100% used [0x00000000e0000000,0x00000000f3500000,0x00000000f3500000)
  from space 99840K, 66% used [0x00000000f9a80000,0x00000000fdade4c8,0x00000000ffc00000)
  to   space 103936K, 0% used [0x00000000f3500000,0x00000000f3500000,0x00000000f9a80000)
 ParOldGen       total 301056K, used 138588K [0x00000000a0000000, 0x00000000b2600000, 0x00000000e0000000)
  object space 301056K, 46% used [0x00000000a0000000,0x00000000a87573f0,0x00000000b2600000)
 Metaspace       used 99081K, capacity 103494K, committed 103808K, reserved 1138688K
  class space    used 12602K, capacity 13568K, committed 13696K, reserved 1048576K
Event: 6787.425 GC heap after
Heap after GC invocations=32 (full 5):
 PSYoungGen      total 353280K, used 36544K [0x00000000e0000000, 0x00000000ffa00000, 0x0000000100000000)
  eden space 316416K, 0% used [0x00000000e0000000,0x00000000e0000000,0x00000000f3500000)
  from space 36864K, 99% used [0x00000000f3500000,0x00000000f58b0010,0x00000000f5900000)
  to   space 98816K, 0% used [0x00000000f9980000,0x00000000f9980000,0x00000000ffa00000)
 ParOldGen       total 301056K, used 203854K [0x00000000a0000000, 0x00000000b2600000, 0x00000000e0000000)
  object space 301056K, 67% used [0x00000000a0000000,0x00000000ac713968,0x00000000b2600000)
 Metaspace       used 99081K, capacity 103494K, committed 103808K, reserved 1138688K
  class space    used 12602K, capacity 13568K, committed 13696K, reserved 1048576K
}
Event: 6789.667 GC heap before
{Heap before GC invocations=33 (full 5):
 PSYoungGen      total 353280K, used 352960K [0x00000000e0000000, 0x00000000ffa00000, 0x0000000100000000)
  eden space 316416K, 100% used [0x00000000e0000000,0x00000000f3500000,0x00000000f3500000)
  from space 36864K, 99% used [0x00000000f3500000,0x00000000f58b0010,0x00000000f5900000)
  to   space 98816K, 0% used [0x00000000f9980000,0x00000000f9980000,0x00000000ffa00000)
 ParOldGen       total 301056K, used 203854K [0x00000000a0000000, 0x00000000b2600000, 0x00000000e0000000)
  object space 301056K, 67% used [0x00000000a0000000,0x00000000ac713968,0x00000000b2600000)
 Metaspace       used 99576K, capacity 104056K, committed 104320K, reserved 1140736K
  class space    used 12639K, capacity 13603K, committed 13696K, reserved 1048576K
Event: 6789.930 GC heap after
Heap after GC invocations=33 (full 5):
 PSYoungGen      total 363008K, used 98791K [0x00000000e0000000, 0x0000000100000000, 0x0000000100000000)
  eden space 264192K, 0% used [0x00000000e0000000,0x00000000e0000000,0x00000000f0200000)
  from space 98816K, 99% used [0x00000000f9980000,0x00000000ff9f9e80,0x00000000ffa00000)
  to   space 130048K, 0% used [0x00000000f0200000,0x00000000f0200000,0x00000000f8100000)
 ParOldGen       total 301056K, used 247245K [0x00000000a0000000, 0x00000000b2600000, 0x00000000e0000000)
  object space 301056K, 82% used [0x00000000a0000000,0x00000000af173780,0x00000000b2600000)
 Metaspace       used 99576K, capacity 104056K, committed 104320K, reserved 1140736K
  class space    used 12639K, capacity 13603K, committed 13696K, reserved 1048576K
}
Event: 6789.930 GC heap before
{Heap before GC invocations=34 (full 6):
 PSYoungGen      total 363008K, used 98791K [0x00000000e0000000, 0x0000000100000000, 0x0000000100000000)
  eden space 264192K, 0% used [0x00000000e0000000,0x00000000e0000000,0x00000000f0200000)
  from space 98816K, 99% used [0x00000000f9980000,0x00000000ff9f9e80,0x00000000ffa00000)
  to   space 130048K, 0% used [0x00000000f0200000,0x00000000f0200000,0x00000000f8100000)
 ParOldGen       total 301056K, used 247245K [0x00000000a0000000, 0x00000000b2600000, 0x00000000e0000000)
  object space 301056K, 82% used [0x00000000a0000000,0x00000000af173780,0x00000000b2600000)
 Metaspace       used 99576K, capacity 104056K, committed 104320K, reserved 1140736K
  class space    used 12639K, capacity 13603K, committed 13696K, reserved 1048576K

