# JRE version: OpenJDK Runtime Environment (8.0_242) (build 1.8.0_242-release-1644-b3-6222593)
# Java VM: OpenJDK 64-Bit Server VM (25.242-b3-6222593 mixed mode linux-amd64 compressed oops)
Heap:
 PSYoungGen      total 405504K, used 0K [0x00000000e0000000, 0x00000000ff880000, 0x0000000100000000)
  eden space 286720K, 0% used [0x00000000e0000000,0x00000000e0000000,0x00000000f1800000)
  from space 118784K, 0% used [0x00000000f1800000,0x00000000f1800000,0x00000000f8c00000)
  to   space 111104K, 0% used [0x00000000f8c00000,0x00000000f8c00000,0x00000000ff880000)
 ParOldGen       total 270848K, used 197190K [0x00000000a0000000, 0x00000000b0880000, 0x00000000e0000000)
  object space 270848K, 72% used [0x00000000a0000000,0x00000000ac091a60,0x00000000b0880000)
 Metaspace       used 107749K, capacity 113211K, committed 113560K, reserved 1148928K
  class space    used 13682K, capacity 14830K, committed 15000K, reserved 1048576K
GC Heap History (10 events):
Event: 2098.735 GC heap after
Heap after GC invocations=42 (full 5):
 PSYoungGen      total 393728K, used 6690K [0x00000000e0000000, 0x00000000ffe00000, 0x0000000100000000)
  eden space 271360K, 0% used [0x00000000e0000000,0x00000000e0000000,0x00000000f0900000)
  from space 122368K, 5% used [0x00000000f0900000,0x00000000f0f889d0,0x00000000f8080000)
  to   space 119296K, 0% used [0x00000000f8980000,0x00000000f8980000,0x00000000ffe00000)
 ParOldGen       total 266752K, used 179242K [0x00000000a0000000, 0x00000000b0480000, 0x00000000e0000000)
  object space 266752K, 67% used [0x00000000a0000000,0x00000000aaf0a970,0x00000000b0480000)
 Metaspace       used 107144K, capacity 112569K, committed 112920K, reserved 1146880K
  class space    used 13633K, capacity 14743K, committed 14872K, reserved 1048576K
}
Event: 2370.835 GC heap before
{Heap before GC invocations=43 (full 5):
 PSYoungGen      total 393728K, used 278050K [0x00000000e0000000, 0x00000000ffe00000, 0x0000000100000000)
  eden space 271360K, 100% used [0x00000000e0000000,0x00000000f0900000,0x00000000f0900000)
  from space 122368K, 5% used [0x00000000f0900000,0x00000000f0f889d0,0x00000000f8080000)
  to   space 119296K, 0% used [0x00000000f8980000,0x00000000f8980000,0x00000000ffe00000)
 ParOldGen       total 266752K, used 179242K [0x00000000a0000000, 0x00000000b0480000, 0x00000000e0000000)
  object space 266752K, 67% used [0x00000000a0000000,0x00000000aaf0a970,0x00000000b0480000)
 Metaspace       used 107323K, capacity 112807K, committed 112920K, reserved 1146880K
  class space    used 13648K, capacity 14772K, committed 14872K, reserved 1048576K
Event: 2371.096 GC heap after
Heap after GC invocations=43 (full 5):
 PSYoungGen      total 392704K, used 10978K [0x00000000e0000000, 0x00000000ff500000, 0x0000000100000000)
  eden space 282624K, 0% used [0x00000000e0000000,0x00000000e0000000,0x00000000f1400000)
  from space 110080K, 9% used [0x00000000f8980000,0x00000000f9438ab8,0x00000000ff500000)
  to   space 115200K, 0% used [0x00000000f1400000,0x00000000f1400000,0x00000000f8480000)
 ParOldGen       total 266752K, used 179446K [0x00000000a0000000, 0x00000000b0480000, 0x00000000e0000000)
  object space 266752K, 67% used [0x00000000a0000000,0x00000000aaf3d9a0,0x00000000b0480000)
 Metaspace       used 107323K, capacity 112807K, committed 112920K, reserved 1146880K
  class space    used 13648K, capacity 14772K, committed 14872K, reserved 1048576K
}
Event: 2377.194 GC heap before
{Heap before GC invocations=44 (full 5):
 PSYoungGen      total 392704K, used 293602K [0x00000000e0000000, 0x00000000ff500000, 0x0000000100000000)
  eden space 282624K, 100% used [0x00000000e0000000,0x00000000f1400000,0x00000000f1400000)
  from space 110080K, 9% used [0x00000000f8980000,0x00000000f9438ab8,0x00000000ff500000)
  to   space 115200K, 0% used [0x00000000f1400000,0x00000000f1400000,0x00000000f8480000)
 ParOldGen       total 266752K, used 179446K [0x00000000a0000000, 0x00000000b0480000, 0x00000000e0000000)
  object space 266752K, 67% used [0x00000000a0000000,0x00000000aaf3d9a0,0x00000000b0480000)
 Metaspace       used 107565K, capacity 113043K, committed 113176K, reserved 1146880K
  class space    used 13663K, capacity 14812K, committed 14872K, reserved 1048576K
Event: 2377.281 GC heap after
Heap after GC invocations=44 (full 5):
 PSYoungGen      total 397824K, used 8829K [0x00000000e0000000, 0x00000000ffd00000, 0x0000000100000000)
  eden space 282624K, 0% used [0x00000000e0000000,0x00000000e0000000,0x00000000f1400000)
  from space 115200K, 7% used [0x00000000f1400000,0x00000000f1c9f640,0x00000000f8480000)
  to   space 111104K, 0% used [0x00000000f9080000,0x00000000f9080000,0x00000000ffd00000)
 ParOldGen       total 266752K, used 189979K [0x00000000a0000000, 0x00000000b0480000, 0x00000000e0000000)
  object space 266752K, 71% used [0x00000000a0000000,0x00000000ab986f60,0x00000000b0480000)
 Metaspace       used 107565K, capacity 113043K, committed 113176K, reserved 1146880K
  class space    used 13663K, capacity 14812K, committed 14872K, reserved 1048576K
}
Event: 2378.818 GC heap before
{Heap before GC invocations=45 (full 5):
 PSYoungGen      total 397824K, used 291453K [0x00000000e0000000, 0x00000000ffd00000, 0x0000000100000000)
  eden space 282624K, 100% used [0x00000000e0000000,0x00000000f1400000,0x00000000f1400000)
  from space 115200K, 7% used [0x00000000f1400000,0x00000000f1c9f640,0x00000000f8480000)
  to   space 111104K, 0% used [0x00000000f9080000,0x00000000f9080000,0x00000000ffd00000)
 ParOldGen       total 266752K, used 189979K [0x00000000a0000000, 0x00000000b0480000, 0x00000000e0000000)
  object space 266752K, 71% used [0x00000000a0000000,0x00000000ab986f60,0x00000000b0480000)
 Metaspace       used 107776K, capacity 113267K, committed 113560K, reserved 1148928K
  class space    used 13689K, capacity 14844K, committed 15000K, reserved 1048576K
Event: 2379.587 GC heap after
Heap after GC invocations=45 (full 5):
 PSYoungGen      total 397824K, used 73392K [0x00000000e0000000, 0x0000000100000000, 0x0000000100000000)
  eden space 286720K, 0% used [0x00000000e0000000,0x00000000e0000000,0x00000000f1800000)
  from space 111104K, 66% used [0x00000000f9080000,0x00000000fd82c298,0x00000000ffd00000)
  to   space 118784K, 0% used [0x00000000f1800000,0x00000000f1800000,0x00000000f8c00000)
 ParOldGen       total 266752K, used 197983K [0x00000000a0000000, 0x00000000b0480000, 0x00000000e0000000)
  object space 266752K, 74% used [0x00000000a0000000,0x00000000ac157ce8,0x00000000b0480000)
 Metaspace       used 107776K, capacity 113267K, committed 113560K, reserved 1148928K
  class space    used 13689K, capacity 14844K, committed 15000K, reserved 1048576K
}
Event: 2380.087 GC heap before
{Heap before GC invocations=46 (full 5):
 PSYoungGen      total 397824K, used 360112K [0x00000000e0000000, 0x0000000100000000, 0x0000000100000000)
  eden space 286720K, 100% used [0x00000000e0000000,0x00000000f1800000,0x00000000f1800000)
  from space 111104K, 66% used [0x00000000f9080000,0x00000000fd82c298,0x00000000ffd00000)
  to   space 118784K, 0% used [0x00000000f1800000,0x00000000f1800000,0x00000000f8c00000)
 ParOldGen       total 266752K, used 197983K [0x00000000a0000000, 0x00000000b0480000, 0x00000000e0000000)
  object space 266752K, 74% used [0x00000000a0000000,0x00000000ac157ce8,0x00000000b0480000)
 Metaspace       used 107777K, capacity 113267K, committed 113560K, reserved 1148928K
  class space    used 13690K, capacity 14844K, committed 15000K, reserved 1048576K
Event: 2380.879 GC heap after
Heap after GC invocations=46 (full 5):
 PSYoungGen      total 405504K, used 31744K [0x00000000e0000000, 0x00000000ff880000, 0x0000000100000000)
  eden space 286720K, 0% used [0x00000000e0000000,0x00000000e0000000,0x00000000f1800000)
  from space 118784K, 26% used [0x00000000f1800000,0x00000000f3700010,0x00000000f8c00000)
  to   space 111104K, 0% used [0x00000000f8c00000,0x00000000f8c00000,0x00000000ff880000)
 ParOldGen       total 270848K, used 270820K [0x00000000a0000000, 0x00000000b0880000, 0x00000000e0000000)
  object space 270848K, 99% used [0x00000000a0000000,0x00000000b0879328,0x00000000b0880000)
 Metaspace       used 107777K, capacity 113267K, committed 113560K, reserved 1148928K
  class space    used 13690K, capacity 14844K, committed 15000K, reserved 1048576K
}
Event: 2380.884 GC heap before
{Heap before GC invocations=47 (full 6):
 PSYoungGen      total 405504K, used 31744K [0x00000000e0000000, 0x00000000ff880000, 0x0000000100000000)
  eden space 286720K, 0% used [0x00000000e0000000,0x00000000e0000000,0x00000000f1800000)
  from space 118784K, 26% used [0x00000000f1800000,0x00000000f3700010,0x00000000f8c00000)
  to   space 111104K, 0% used [0x00000000f8c00000,0x00000000f8c00000,0x00000000ff880000)
 ParOldGen       total 270848K, used 270820K [0x00000000a0000000, 0x00000000b0880000, 0x00000000e0000000)
  object space 270848K, 99% used [0x00000000a0000000,0x00000000b0879328,0x00000000b0880000)
 Metaspace       used 107777K, capacity 113267K, committed 113560K, reserved 1148928K
  class space    used 13690K, capacity 14844K, committed 15000K, reserved 1048576K

